<?xml version="1.0" encoding="UTF-8"?>
<!-- Generated by org.testng.reporters.JUnitXMLReporter -->
<testsuite ignored="1" hostname="DESKTOP-JS1FIIV" failures="0" tests="2" name="Default test" time="109.531" errors="0" timestamp="13 Mar 2019 11:42:33 GMT">
  <testcase classname="test.YourLogoTest" name="register" time="38.006"/>
  <testcase classname="test.YourLogoTest" name="login" time="56.437"/>
  <testcase classname="test.YourLogoTest" name="order_product" time="0.0">
    <ignored/>
  </testcase> <!-- order_product -->
</testsuite> <!-- Default test -->
